750
998
997
290 824
182 163
101 79
525 214
582 403
51 37
894 0
16
454 124
697 224
87
726 117
304 134
341 49
150 64
995 999
779
545 449
94 40
91 960
833 152
624 264
856 953
676 762
243 919
817 928
895
737 227
344 961
153 68
105 920
705 226
735 65
262 44
63
835 872
90
314
4
963
7
286
78
964
605
41
858 912
670 69
992
471 991
800 93
853 156
409 8
721 982
744 979
841 871
620 67
929 57
543 27
109
820
864
813 71
251
270 882
723
499
252 834
75
616
971
345 146
133 102
236 131
707
118 956
458 61
873 952
424 903
595 418
48
935
751 934
11
511 18
211
38
518 185
423
756
661 15
662 221
796 973
814 957
936
482 128
138 897
200 80
830
740 937
847 968
263 26
635 634
34
673 659
83
162 996
643 199
428 427
88 977
931
73
686 930
155 927
758 343
612 198
169 988
805 838
311
447 59
113
717 587
137 898
249 30
808 915
259 175
665 932
231 119
636 564
106
644
637 558
939
846 53
862 157
204 20
50
653 173
728
732
750 749
900
994
141
648
702
888
706
638
913
746
729
716 116
851
438 946
422 99
753 338
415 943
675 223
703 115
475 76
609 322
272
987
544 883
372 993
606
13
905
179
194
467
861 985
195 72
581 967
298
19
443 168
281
695 335
668 586
617 66
881 911
664 306
455 126
566 816
297 215
9
22
775
765 892
906
500
924
459 288
490 190
89
878
618 603
754
926
289 965
205
615 981
388 866
794 147
464 432
710 487
547 818
208
601 466
951
742
406
539
625 218
632 548
733
550
376 95
28
1
658
401 949
969
108 52
528 266
100
74
832 86
591
513 918
355 244
815
254
718
885 55
986
622 280
339 46
451
773 510
745
98
140
130 909
23
567
596
562 171
553 36
217
127
183 990
752 696
470 10
534 295
188 172
599 781
962
619 980
573 310
709 484
880
922
393
571 857
837 47
681 331
557
509
584
501 390
774 353
583 207
899
607 512
537 129
318 879
465 363
588
350 238
481 82
651 789
125
495 385
216
407 161
478 366
45
763 234
579 399
803
485
921
760 160
576
3
474 291
640
630 527
111
494 884
585 793
242 984
469 12
414 165
381
848
657 419
448
437 271
677
402 947
81
450
228
942
504
522 84
549
654
114 958
989
580 782
535 498
202
365 248
698 589
886
708
273 828
787
330 868
679
819
759 496
590 417
633 552
463
457
383 96
35
645
983
559
452 891
688
715 810
307 143
196
436
413 945
524 916
497
536
714 941
776
671
701 104
154
70
456
526
748
433
5
652
396
778
277
836
720 598
519
235
669
865
608 523
283
461 940
797 32
743
408 6
492 384
370
159
666 578
410 904
704
174
785
674 901
621
693
678
241
327 144
394 97
770 123
769 806
29
347
907
663
604
713
731 600
405 253
219
955
801 151
780
768
145
631 542
375 359
825 876
39
738
434 269
411
503 798
761
24
260
382 250
92
285 191
386 58
712
908
950
889
966
812
887
724
189
373 246
121
201
572 206
426 257
739
802
139
972
329
300
827
978
722
792
360
473
364
515
959
627
849
379
303
840 54
441
371 158
795 31
178
839
357
336 237
368 910
477
348
611
741
299
294
103
439
923
556
563 398
975
256 85
301
488
736
316
279
507
430
387
17
367
302
505
275
561
647
440
719
468
711 337
560
771
491
521 974
684 788
429
757
412
389
240
435
268
516
265
799
453
255
247
917
727
392 2
287
431
14
660 568
222
514
869
444 902
267
692
274
377
842
309
378
570
538
508
210
245
148
777
209
623
845
225
212
229
197
60
354
850
517 395
650
852
480
896
730
181
546
203
21
860
261
472
313
531
831
328
867
767
823
844
442
646
610
276
186
352
649
734
278
296
166
854
725
506
334
356
933
685 683
258
167
689 324
809
380
530
574
807
641
575
970
404
362
142
822
843
875
784
460
874
164
176
614
135
323
305
628 476
187
821
312
136
700 699
351
532
149
890
493
826
597
855
25
529 445
112
292
565
192
642
863
577 783
541
184
755
877
520
193
462
333
976
220
540
346
592
421
170
893
626
629
594
639
914
321 180
349
786
400
551
120
397
791
483
672
374
425
358
233
230
479
938
925
694
107
340
284
342
656
446
315
416
332
555
944
420
811
110
502
326
667
177
391
56
680
361
33
325
690
790
533
317
232
593
320
804
829
42
687
859
772
554
369
486
691
239
132
682
43
122
569
77
870
213
747
655
954
489
293
766
282
764
62
613
602
319
308
948
